<?xml version="1.0" encoding="UTF-8"?>
<!-- Generated by org.testng.reporters.JUnitXMLReporter -->
<testsuite ignored="0" hostname="DESKTOP" failures="0" tests="5" name="Test" time="93.457" errors="0" timestamp="2022-11-29T14:12:59 IST">
  <testcase classname="Global_Executions.Reports" name="Report_Generation" time="0.304"/>
  <testcase classname="S1_Login_Dashboard.TC_01_Accept_Cookies" name="TC_01_Login_Accept_Cookies" time="41.024"/>
  <testcase classname="S1_Login_Dashboard.TC_02_Deny_Cookies" name="TC_02_Login_Deny_Cookies" time="32.234"/>
  <testcase classname="S1_Login_Dashboard.TC_03_Username_Invalid" name="TC_03_Invalid_Username" time="9.543"/>
  <testcase classname="S1_Login_Dashboard.TC_04_Password_Invalid" name="TC_04_Invalid_Password" time="9.608"/>
</testsuite> <!-- Test -->
