<?xml version="1.0" encoding="UTF-8"?>
<testng-results ignored="0" total="5" passed="5" failed="0" skipped="0">
  <reporter-output>
  </reporter-output>
  <suite started-at="2022-11-29T14:11:26 IST" name="Suite" finished-at="2022-11-29T14:12:59 IST" duration-ms="93457">
    <groups>
    </groups>
    <test started-at="2022-11-29T14:11:26 IST" name="Test" finished-at="2022-11-29T14:12:59 IST" duration-ms="93457">
      <class name="Global_Executions.Reports">
        <test-method signature="Report_Generation()[pri:0, instance:Global_Executions.Reports@2b91004a]" started-at="2022-11-29T14:11:26 IST" name="Report_Generation" finished-at="2022-11-29T14:11:26 IST" duration-ms="304" status="PASS">
          <reporter-output>
          </reporter-output>
        </test-method> <!-- Report_Generation -->
      </class> <!-- Global_Executions.Reports -->
      <class name="S1_Login_Dashboard.TC_02_Deny_Cookies">
        <test-method signature="TC_02_Login_Deny_Cookies()[pri:1, instance:S1_Login_Dashboard.TC_02_Deny_Cookies@31fa1761]" started-at="2022-11-29T14:12:07 IST" name="TC_02_Login_Deny_Cookies" finished-at="2022-11-29T14:12:40 IST" duration-ms="32234" status="PASS">
          <reporter-output>
          </reporter-output>
        </test-method> <!-- TC_02_Login_Deny_Cookies -->
        <test-method is-config="true" signature="endTest()[pri:0, instance:S1_Login_Dashboard.TC_02_Deny_Cookies@31fa1761]" started-at="2022-11-29T14:12:59 IST" name="endTest" finished-at="2022-11-29T14:12:59 IST" duration-ms="100" status="PASS">
          <reporter-output>
          </reporter-output>
        </test-method> <!-- endTest -->
      </class> <!-- S1_Login_Dashboard.TC_02_Deny_Cookies -->
      <class name="S1_Login_Dashboard.TC_03_Username_Invalid">
        <test-method signature="TC_03_Invalid_Username()[pri:1, instance:S1_Login_Dashboard.TC_03_Username_Invalid@957e06]" started-at="2022-11-29T14:12:40 IST" name="TC_03_Invalid_Username" finished-at="2022-11-29T14:12:49 IST" duration-ms="9543" status="PASS">
          <reporter-output>
          </reporter-output>
        </test-method> <!-- TC_03_Invalid_Username -->
        <test-method is-config="true" signature="endTest()[pri:0, instance:S1_Login_Dashboard.TC_03_Username_Invalid@957e06]" started-at="2022-11-29T14:12:59 IST" name="endTest" finished-at="2022-11-29T14:12:59 IST" duration-ms="88" status="PASS">
          <reporter-output>
          </reporter-output>
        </test-method> <!-- endTest -->
      </class> <!-- S1_Login_Dashboard.TC_03_Username_Invalid -->
      <class name="S1_Login_Dashboard.TC_04_Password_Invalid">
        <test-method signature="TC_04_Invalid_Password()[pri:1, instance:S1_Login_Dashboard.TC_04_Password_Invalid@32502377]" started-at="2022-11-29T14:12:49 IST" name="TC_04_Invalid_Password" finished-at="2022-11-29T14:12:59 IST" duration-ms="9608" status="PASS">
          <reporter-output>
          </reporter-output>
        </test-method> <!-- TC_04_Invalid_Password -->
        <test-method is-config="true" signature="endTest()[pri:0, instance:S1_Login_Dashboard.TC_04_Password_Invalid@32502377]" started-at="2022-11-29T14:12:59 IST" name="endTest" finished-at="2022-11-29T14:12:59 IST" duration-ms="82" status="PASS">
          <reporter-output>
          </reporter-output>
        </test-method> <!-- endTest -->
      </class> <!-- S1_Login_Dashboard.TC_04_Password_Invalid -->
      <class name="S1_Login_Dashboard.TC_01_Accept_Cookies">
        <test-method signature="TC_01_Login_Accept_Cookies()[pri:1, instance:S1_Login_Dashboard.TC_01_Accept_Cookies@729d991e]" started-at="2022-11-29T14:11:26 IST" name="TC_01_Login_Accept_Cookies" finished-at="2022-11-29T14:12:07 IST" duration-ms="41024" status="PASS">
          <reporter-output>
          </reporter-output>
        </test-method> <!-- TC_01_Login_Accept_Cookies -->
        <test-method is-config="true" signature="endTest()[pri:0, instance:S1_Login_Dashboard.TC_01_Accept_Cookies@729d991e]" started-at="2022-11-29T14:12:59 IST" name="endTest" finished-at="2022-11-29T14:12:59 IST" duration-ms="378" status="PASS">
          <reporter-output>
          </reporter-output>
        </test-method> <!-- endTest -->
      </class> <!-- S1_Login_Dashboard.TC_01_Accept_Cookies -->
    </test> <!-- Test -->
  </suite> <!-- Suite -->
</testng-results>
